2021-10-11 12:41:51,537 [INFO] Activator:177 - 


2021-10-11 12:41:51,537 [INFO] Activator:178 - !SESSION log4j initialized
2021-11-22 16:21:14,549 [INFO] Activator:177 - 


2021-11-22 16:21:14,550 [INFO] Activator:178 - !SESSION log4j initialized
2021-11-22 16:21:33,236 [INFO] McuFinderGlobals:39 - Set McuFinder mode to 2 (CubeIDE integrated)
2021-11-22 16:21:33,444 [INFO] ApplicationProperties:181 - Using Application install path: C:\Program Files\STM32CubeIDE_1.7.0\STM32CubeIDE\plugins\com.st.stm32cube.common.mx_6.3.0.202107141111
2021-11-22 16:21:33,455 [INFO] DbMcusXml:74 - Set database path to: C:\Program Files\STM32CubeIDE_1.7.0\STM32CubeIDE\plugins\com.st.stm32cube.common.mx_6.3.0.202107141111\\db\/mcu/
2021-11-22 16:21:33,458 [INFO] DbBoardsPdsc:56 - Set plugin database path to: C:\Program Files\STM32CubeIDE_1.7.0\STM32CubeIDE\plugins\com.st.stm32cube.common.mx_6.3.0.202107141111\\db\/plugins/boardmanager/
2021-11-22 16:21:33,458 [INFO] DbMcus:258 - Set plugin images path to: C:\Program Files\STM32CubeIDE_1.7.0\STM32CubeIDE\plugins\com.st.stm32cube.common.mx_6.3.0.202107141111\\db\/plugins/mcufinder/images/
2021-11-22 16:21:33,458 [INFO] DbBoards:264 - Set plugin images path to: C:\Program Files\STM32CubeIDE_1.7.0\STM32CubeIDE\plugins\com.st.stm32cube.common.mx_6.3.0.202107141111\\db\/plugins/mcufinder/images/
2021-11-22 16:21:33,460 [INFO] DbExamples:333 - Set plugin images path to: C:\Program Files\STM32CubeIDE_1.7.0\STM32CubeIDE\plugins\com.st.stm32cube.common.mx_6.3.0.202107141111\\db\/plugins/mcufinder/images/
2021-11-22 16:21:33,468 [INFO] DbMcusAds:119 - Set database path to: C:\Users\nms\.stmcufinder\plugins\mcufinder//mcu/
2021-11-22 16:21:33,468 [INFO] DbMcusDocs:110 - Set database path to: C:\Users\nms\.stmcufinder\plugins\mcufinder//mcu/
2021-11-22 16:21:33,470 [INFO] DbMcusJson:64 - Set database path to: C:\Users\nms\.stmcufinder\plugins\mcufinder//mcu/
2021-11-22 16:21:33,470 [INFO] DbBoardsDocs:110 - Set database path to: C:\Users\nms\.stmcufinder\plugins\mcufinder//mcu/
2021-11-22 16:21:33,471 [INFO] DbBoardsJson:57 - Set database path to: C:\Users\nms\.stmcufinder\plugins\mcufinder//mcu/
2021-11-22 16:21:33,479 [INFO] CrossReferenceDbSqlite:196 - Set database path to: C:\Users\nms\.stmcufinder\plugins\mcufinder//mcu/cs/
2021-11-22 16:21:33,484 [INFO] DbExamplesSqlite:767 - Set database path to: C:\Users\nms\.stmcufinder\plugins\mcufinder//mcu/
2021-11-22 16:21:33,568 [INFO] RulesReader:57 - Compatibility file has been processed (242 Rules)
2021-11-22 16:21:33,639 [INFO] DbMcusXml:74 - Set database path to: C:\Program Files\STM32CubeIDE_1.7.0\STM32CubeIDE\plugins\com.st.stm32cube.common.mx_6.3.0.202107141111\\db\/mcu/
2021-11-22 16:21:33,640 [INFO] DbBoardsPdsc:56 - Set plugin database path to: C:\Program Files\STM32CubeIDE_1.7.0\STM32CubeIDE\plugins\com.st.stm32cube.common.mx_6.3.0.202107141111\\db\/plugins/boardmanager/
2021-11-22 16:21:33,640 [INFO] DbMcus:258 - Set plugin images path to: C:\Program Files\STM32CubeIDE_1.7.0\STM32CubeIDE\plugins\com.st.stm32cube.common.mx_6.3.0.202107141111\\db\/plugins/mcufinder/images/
2021-11-22 16:21:33,640 [INFO] DbBoards:264 - Set plugin images path to: C:\Program Files\STM32CubeIDE_1.7.0\STM32CubeIDE\plugins\com.st.stm32cube.common.mx_6.3.0.202107141111\\db\/plugins/mcufinder/images/
2021-11-22 16:21:33,641 [INFO] DbExamples:333 - Set plugin images path to: C:\Program Files\STM32CubeIDE_1.7.0\STM32CubeIDE\plugins\com.st.stm32cube.common.mx_6.3.0.202107141111\\db\/plugins/mcufinder/images/
2021-11-22 16:21:33,641 [WARN] DbFile:35 - Overriding database path with different value: C:\Users\nms\.stmcufinder\plugins\mcufinder/ => C:\Users\nms\.stmcufinder\plugins\mcufinder
2021-11-22 16:21:33,641 [INFO] DbMcusAds:119 - Set database path to: C:\Users\nms\.stmcufinder\plugins\mcufinder//mcu/
2021-11-22 16:21:33,641 [WARN] DbFile:35 - Overriding database path with different value: C:\Users\nms\.stmcufinder\plugins\mcufinder/ => C:\Users\nms\.stmcufinder\plugins\mcufinder
2021-11-22 16:21:33,641 [INFO] DbMcusDocs:110 - Set database path to: C:\Users\nms\.stmcufinder\plugins\mcufinder//mcu/
2021-11-22 16:21:33,641 [WARN] DbFile:35 - Overriding database path with different value: C:\Users\nms\.stmcufinder\plugins\mcufinder/ => C:\Users\nms\.stmcufinder\plugins\mcufinder
2021-11-22 16:21:33,641 [INFO] DbMcusJson:64 - Set database path to: C:\Users\nms\.stmcufinder\plugins\mcufinder//mcu/
2021-11-22 16:21:33,641 [WARN] DbFile:35 - Overriding database path with different value: C:\Users\nms\.stmcufinder\plugins\mcufinder/ => C:\Users\nms\.stmcufinder\plugins\mcufinder
2021-11-22 16:21:33,641 [INFO] DbBoardsDocs:110 - Set database path to: C:\Users\nms\.stmcufinder\plugins\mcufinder//mcu/
2021-11-22 16:21:33,641 [WARN] DbFile:35 - Overriding database path with different value: C:\Users\nms\.stmcufinder\plugins\mcufinder/ => C:\Users\nms\.stmcufinder\plugins\mcufinder
2021-11-22 16:21:33,641 [INFO] DbBoardsJson:57 - Set database path to: C:\Users\nms\.stmcufinder\plugins\mcufinder//mcu/
2021-11-22 16:21:33,642 [WARN] DbFile:35 - Overriding database path with different value: C:\Users\nms\.stmcufinder\plugins\mcufinder/ => C:\Users\nms\.stmcufinder\plugins\mcufinder
2021-11-22 16:21:33,642 [WARN] DbFile:35 - Overriding database path with different value: C:\Users\nms\.stmcufinder\plugins\mcufinder/ => C:\Users\nms\.stmcufinder\plugins\mcufinder
2021-11-22 16:21:33,642 [INFO] CrossReferenceDbSqlite:196 - Set database path to: C:\Users\nms\.stmcufinder\plugins\mcufinder//mcu/cs/
2021-11-22 16:21:33,642 [WARN] DbFile:35 - Overriding database path with different value: C:\Users\nms\.stmcufinder\plugins\mcufinder/ => C:\Users\nms\.stmcufinder\plugins\mcufinder
2021-11-22 16:21:33,642 [INFO] DbExamplesSqlite:767 - Set database path to: C:\Users\nms\.stmcufinder\plugins\mcufinder//mcu/
2021-11-22 16:21:33,697 [INFO] MainPanel:214 - HeapMemory: 268435456
2021-11-22 16:21:33,772 [INFO] DbMcusXml:74 - Set database path to: C:\Program Files\STM32CubeIDE_1.7.0\STM32CubeIDE\plugins\com.st.stm32cube.common.mx_6.3.0.202107141111\\db\/mcu/
2021-11-22 16:21:33,772 [INFO] DbBoardsPdsc:56 - Set plugin database path to: C:\Program Files\STM32CubeIDE_1.7.0\STM32CubeIDE\plugins\com.st.stm32cube.common.mx_6.3.0.202107141111\\db\/plugins/boardmanager/
2021-11-22 16:21:33,773 [INFO] DbMcus:258 - Set plugin images path to: C:\Program Files\STM32CubeIDE_1.7.0\STM32CubeIDE\plugins\com.st.stm32cube.common.mx_6.3.0.202107141111\\db\/plugins/mcufinder/images/
2021-11-22 16:21:33,773 [INFO] DbBoards:264 - Set plugin images path to: C:\Program Files\STM32CubeIDE_1.7.0\STM32CubeIDE\plugins\com.st.stm32cube.common.mx_6.3.0.202107141111\\db\/plugins/mcufinder/images/
2021-11-22 16:21:33,773 [INFO] DbExamples:333 - Set plugin images path to: C:\Program Files\STM32CubeIDE_1.7.0\STM32CubeIDE\plugins\com.st.stm32cube.common.mx_6.3.0.202107141111\\db\/plugins/mcufinder/images/
2021-11-22 16:21:33,773 [WARN] DbFile:35 - Overriding database path with different value: C:\Users\nms\.stmcufinder\plugins\mcufinder/ => C:\Users\nms\.stmcufinder\plugins\mcufinder
2021-11-22 16:21:33,773 [INFO] DbMcusAds:119 - Set database path to: C:\Users\nms\.stmcufinder\plugins\mcufinder//mcu/
2021-11-22 16:21:33,773 [WARN] DbFile:35 - Overriding database path with different value: C:\Users\nms\.stmcufinder\plugins\mcufinder/ => C:\Users\nms\.stmcufinder\plugins\mcufinder
2021-11-22 16:21:33,773 [INFO] DbMcusDocs:110 - Set database path to: C:\Users\nms\.stmcufinder\plugins\mcufinder//mcu/
2021-11-22 16:21:33,773 [WARN] DbFile:35 - Overriding database path with different value: C:\Users\nms\.stmcufinder\plugins\mcufinder/ => C:\Users\nms\.stmcufinder\plugins\mcufinder
2021-11-22 16:21:33,773 [INFO] DbMcusJson:64 - Set database path to: C:\Users\nms\.stmcufinder\plugins\mcufinder//mcu/
2021-11-22 16:21:33,773 [WARN] DbFile:35 - Overriding database path with different value: C:\Users\nms\.stmcufinder\plugins\mcufinder/ => C:\Users\nms\.stmcufinder\plugins\mcufinder
2021-11-22 16:21:33,773 [INFO] DbBoardsDocs:110 - Set database path to: C:\Users\nms\.stmcufinder\plugins\mcufinder//mcu/
2021-11-22 16:21:33,773 [WARN] DbFile:35 - Overriding database path with different value: C:\Users\nms\.stmcufinder\plugins\mcufinder/ => C:\Users\nms\.stmcufinder\plugins\mcufinder
2021-11-22 16:21:33,773 [INFO] DbBoardsJson:57 - Set database path to: C:\Users\nms\.stmcufinder\plugins\mcufinder//mcu/
2021-11-22 16:21:33,773 [WARN] DbFile:35 - Overriding database path with different value: C:\Users\nms\.stmcufinder\plugins\mcufinder/ => C:\Users\nms\.stmcufinder\plugins\mcufinder
2021-11-22 16:21:33,773 [WARN] DbFile:35 - Overriding database path with different value: C:\Users\nms\.stmcufinder\plugins\mcufinder/ => C:\Users\nms\.stmcufinder\plugins\mcufinder
2021-11-22 16:21:33,774 [INFO] CrossReferenceDbSqlite:196 - Set database path to: C:\Users\nms\.stmcufinder\plugins\mcufinder//mcu/cs/
2021-11-22 16:21:33,774 [WARN] DbFile:35 - Overriding database path with different value: C:\Users\nms\.stmcufinder\plugins\mcufinder/ => C:\Users\nms\.stmcufinder\plugins\mcufinder
2021-11-22 16:21:33,774 [INFO] DbExamplesSqlite:767 - Set database path to: C:\Users\nms\.stmcufinder\plugins\mcufinder//mcu/
2021-11-22 16:21:33,788 [INFO] ApplicationProperties:181 - Using Application install path: C:\Program Files\STM32CubeIDE_1.7.0\STM32CubeIDE\plugins\com.st.stm32cube.common.mx_6.3.0.202107141111
2021-11-22 16:21:33,789 [INFO] PluginManage:188 - Search for loadable plugins [exclusion list=, ]
2021-11-22 16:21:33,790 [INFO] PluginManage:302 - Check plugin analytics
2021-11-22 16:21:38,449 [INFO] AnalyticsPlugin:257 - Accepted Software Licenses: 
2021-11-22 16:21:38,450 [INFO] AnalyticsPlugin:259 - Accepted CMSIS Pack Licenses: 
2021-11-22 16:21:38,450 [INFO] AnalyticsPlugin:261 - Accepted Firmware Licenses: 
2021-11-22 16:21:38,450 [INFO] PluginManage:352 - Loaded plugin analytics (category:tool,tabindex:-1)
2021-11-22 16:21:38,450 [INFO] PluginManage:302 - Check plugin clock
2021-11-22 16:21:38,467 [INFO] PluginManage:352 - Loaded plugin clock (category:base,tabindex:2)
2021-11-22 16:21:38,467 [INFO] PluginManage:302 - Check plugin ddr
2021-11-22 16:21:38,469 [INFO] PluginManage:352 - Loaded plugin ddr (category:tool,tabindex:6)
2021-11-22 16:21:38,469 [INFO] PluginManage:302 - Check plugin filemanager
2021-11-22 16:21:38,565 [INFO] PluginManage:352 - Loaded plugin filemanager (category:base,tabindex:10)
2021-11-22 16:21:38,566 [INFO] PluginManage:302 - Check plugin ipmanager
2021-11-22 16:21:38,573 [INFO] PluginManage:352 - Loaded plugin ipmanager (category:base,tabindex:5)
2021-11-22 16:21:38,573 [INFO] PluginManage:302 - Check plugin pinoutandconfiguration
2021-11-22 16:21:38,585 [INFO] PluginManage:352 - Loaded plugin pinoutandconfiguration (category:base,tabindex:1)
2021-11-22 16:21:38,586 [INFO] PluginManage:302 - Check plugin pinoutconfig
2021-11-22 16:21:38,614 [INFO] PluginManage:352 - Loaded plugin pinoutconfig (category:base,tabindex:0)
2021-11-22 16:21:38,614 [INFO] PluginManage:302 - Check plugin power
2021-11-22 16:21:38,630 [INFO] PluginManage:352 - Loaded plugin power (category:power,tabindex:4)
2021-11-22 16:21:38,631 [INFO] PluginManage:302 - Check plugin projectmanager
2021-11-22 16:21:38,642 [INFO] PluginManage:352 - Loaded plugin projectmanager (category:projectmanager,tabindex:3)
2021-11-22 16:21:38,642 [INFO] PluginManage:302 - Check plugin thirdparty
2021-11-22 16:21:38,831 [WARN] IntegrityCheckThread:78 - waiting for thirdparty lock release [integrity check]
2021-11-22 16:21:38,832 [INFO] PluginManage:352 - Loaded plugin thirdparty (category:base,tabindex:-1)
2021-11-22 16:21:38,832 [INFO] PluginManage:302 - Check plugin tools
2021-11-22 16:21:38,832 [INFO] IntegrityCheckThread:80 - entering critical section [integrity check]
2021-11-22 16:21:38,832 [INFO] ThirdPartyUpdaterWithRetryManager:66 - Updater plugin not ready yet. [1/15]
2021-11-22 16:21:38,867 [INFO] PluginManage:352 - Loaded plugin tools (category:base,tabindex:7)
2021-11-22 16:21:38,867 [INFO] PluginManage:302 - Check plugin tutovideos
2021-11-22 16:21:39,055 [INFO] PluginManage:352 - Loaded plugin tutovideos (category:base,tabindex:-1)
2021-11-22 16:21:39,055 [INFO] PluginManage:302 - Check plugin updater
2021-11-22 16:21:39,065 [INFO] PluginManage:352 - Loaded plugin updater (category:base,tabindex:12)
2021-11-22 16:21:39,065 [INFO] PluginManage:275 - PluginManage : Loaded plugins [13]
2021-11-22 16:21:39,205 [INFO] PinOutPanel:1463 - setPackage(No Configuration,No Configuration)
2021-11-22 16:21:39,279 [INFO] IPUIPlugin:74 - create IPUIPlugin
2021-11-22 16:21:39,280 [INFO] PluginManager:213 - loadIPPluginJar : add adc
2021-11-22 16:21:39,304 [INFO] IPUIPlugin:74 - create IPUIPlugin
2021-11-22 16:21:39,304 [INFO] PluginManager:213 - loadIPPluginJar : add aes
2021-11-22 16:21:39,333 [INFO] IPUIPlugin:74 - create IPUIPlugin
2021-11-22 16:21:39,333 [INFO] PluginManager:213 - loadIPPluginJar : add can
2021-11-22 16:21:39,350 [INFO] IPUIPlugin:74 - create IPUIPlugin
2021-11-22 16:21:39,350 [INFO] PluginManager:213 - loadIPPluginJar : add comp
2021-11-22 16:21:39,372 [INFO] IPUIPlugin:74 - create IPUIPlugin
2021-11-22 16:21:39,372 [INFO] PluginManager:213 - loadIPPluginJar : add cryp
2021-11-22 16:21:39,392 [INFO] IPUIPlugin:74 - create IPUIPlugin
2021-11-22 16:21:39,393 [INFO] PluginManager:213 - loadIPPluginJar : add dfsdm
2021-11-22 16:21:39,403 [INFO] IPUIPlugin:74 - create IPUIPlugin
2021-11-22 16:21:39,404 [INFO] PluginManager:213 - loadIPPluginJar : add dma
2021-11-22 16:21:39,431 [INFO] IPUIPlugin:74 - create IPUIPlugin
2021-11-22 16:21:39,431 [INFO] PluginManager:213 - loadIPPluginJar : add dma3
2021-11-22 16:21:39,447 [INFO] IPUIPlugin:74 - create IPUIPlugin
2021-11-22 16:21:39,448 [INFO] PluginManager:213 - loadIPPluginJar : add fatfs
2021-11-22 16:21:39,483 [INFO] IPUIPlugin:74 - create IPUIPlugin
2021-11-22 16:21:39,484 [INFO] PluginManager:213 - loadIPPluginJar : add fmc
2021-11-22 16:21:39,495 [INFO] IPUIPlugin:74 - create IPUIPlugin
2021-11-22 16:21:39,496 [INFO] PluginManager:213 - loadIPPluginJar : add freertos
2021-11-22 16:21:39,512 [INFO] IPUIPlugin:74 - create IPUIPlugin
2021-11-22 16:21:39,512 [INFO] PluginManager:213 - loadIPPluginJar : add genericplugin
2021-11-22 16:21:39,565 [INFO] IPUIPlugin:74 - create IPUIPlugin
2021-11-22 16:21:39,565 [INFO] PluginManager:213 - loadIPPluginJar : add gfxmmu
2021-11-22 16:21:39,642 [INFO] IPUIPlugin:74 - create IPUIPlugin
2021-11-22 16:21:39,642 [INFO] PluginManager:213 - loadIPPluginJar : add gic
2021-11-22 16:21:39,652 [INFO] IPUIPlugin:74 - create IPUIPlugin
2021-11-22 16:21:39,652 [INFO] PluginManager:213 - loadIPPluginJar : add gpio
2021-11-22 16:21:39,701 [INFO] IPUIPlugin:74 - create IPUIPlugin
2021-11-22 16:21:39,701 [INFO] PluginManager:213 - loadIPPluginJar : add gtzc
2021-11-22 16:21:39,721 [INFO] IPUIPlugin:74 - create IPUIPlugin
2021-11-22 16:21:39,721 [INFO] PluginManager:213 - loadIPPluginJar : add hash
2021-11-22 16:21:39,754 [INFO] IPUIPlugin:74 - create IPUIPlugin
2021-11-22 16:21:39,754 [INFO] PluginManager:213 - loadIPPluginJar : add i2c
2021-11-22 16:21:39,781 [INFO] IPUIPlugin:74 - create IPUIPlugin
2021-11-22 16:21:39,781 [INFO] PluginManager:213 - loadIPPluginJar : add i2s
2021-11-22 16:21:39,789 [INFO] IPUIPlugin:74 - create IPUIPlugin
2021-11-22 16:21:39,789 [INFO] PluginManager:213 - loadIPPluginJar : add ipddr
2021-11-22 16:21:39,843 [INFO] IPUIPlugin:74 - create IPUIPlugin
2021-11-22 16:21:39,843 [INFO] PluginManager:213 - loadIPPluginJar : add linkedlist
2021-11-22 16:21:39,867 [INFO] IPUIPlugin:74 - create IPUIPlugin
2021-11-22 16:21:39,867 [INFO] PluginManager:213 - loadIPPluginJar : add lorawan
2021-11-22 16:21:39,891 [INFO] IPUIPlugin:74 - create IPUIPlugin
2021-11-22 16:21:39,891 [INFO] PluginManager:213 - loadIPPluginJar : add ltdc
2021-11-22 16:21:39,900 [INFO] IPUIPlugin:74 - create IPUIPlugin
2021-11-22 16:21:39,901 [INFO] PluginManager:213 - loadIPPluginJar : add mdma
2021-11-22 16:21:39,908 [INFO] IPUIPlugin:74 - create IPUIPlugin
2021-11-22 16:21:39,909 [INFO] PluginManager:213 - loadIPPluginJar : add nvic
2021-11-22 16:21:39,934 [INFO] IPUIPlugin:74 - create IPUIPlugin
2021-11-22 16:21:39,934 [INFO] PluginManager:213 - loadIPPluginJar : add opamp
2021-11-22 16:21:39,974 [INFO] IPUIPlugin:74 - create IPUIPlugin
2021-11-22 16:21:39,975 [INFO] PluginManager:213 - loadIPPluginJar : add openamp
2021-11-22 16:21:40,001 [INFO] IPUIPlugin:74 - create IPUIPlugin
2021-11-22 16:21:40,002 [INFO] PluginManager:213 - loadIPPluginJar : add pdm2pcm
2021-11-22 16:21:40,013 [INFO] IPUIPlugin:74 - create IPUIPlugin
2021-11-22 16:21:40,015 [INFO] PluginManager:213 - loadIPPluginJar : add plateformsettings
2021-11-22 16:21:40,032 [INFO] IPUIPlugin:74 - create IPUIPlugin
2021-11-22 16:21:40,032 [INFO] PluginManager:213 - loadIPPluginJar : add quadspi
2021-11-22 16:21:40,041 [INFO] IPUIPlugin:74 - create IPUIPlugin
2021-11-22 16:21:40,041 [INFO] PluginManager:213 - loadIPPluginJar : add resmgrutility
2021-11-22 16:21:40,077 [INFO] IPUIPlugin:74 - create IPUIPlugin
2021-11-22 16:21:40,077 [INFO] PluginManager:213 - loadIPPluginJar : add sai
2021-11-22 16:21:40,104 [INFO] IPUIPlugin:74 - create IPUIPlugin
2021-11-22 16:21:40,104 [INFO] PluginManager:213 - loadIPPluginJar : add spi
2021-11-22 16:21:40,139 [INFO] IPUIPlugin:74 - create IPUIPlugin
2021-11-22 16:21:40,139 [INFO] PluginManager:213 - loadIPPluginJar : add stm32_wpan
2021-11-22 16:21:40,157 [INFO] IPUIPlugin:74 - create IPUIPlugin
2021-11-22 16:21:40,157 [INFO] PluginManager:213 - loadIPPluginJar : add tim
2021-11-22 16:21:40,197 [INFO] IPUIPlugin:74 - create IPUIPlugin
2021-11-22 16:21:40,197 [INFO] PluginManager:213 - loadIPPluginJar : add touchsensing
2021-11-22 16:21:40,216 [INFO] IPUIPlugin:74 - create IPUIPlugin
2021-11-22 16:21:40,216 [INFO] PluginManager:213 - loadIPPluginJar : add tracer_emb
2021-11-22 16:21:40,234 [INFO] IPUIPlugin:74 - create IPUIPlugin
2021-11-22 16:21:40,234 [INFO] PluginManager:213 - loadIPPluginJar : add ts
2021-11-22 16:21:40,251 [INFO] IPUIPlugin:74 - create IPUIPlugin
2021-11-22 16:21:40,252 [INFO] PluginManager:213 - loadIPPluginJar : add tsc
2021-11-22 16:21:40,268 [INFO] IPUIPlugin:74 - create IPUIPlugin
2021-11-22 16:21:40,268 [INFO] PluginManager:213 - loadIPPluginJar : add ucpd
2021-11-22 16:21:40,299 [INFO] IPUIPlugin:74 - create IPUIPlugin
2021-11-22 16:21:40,300 [INFO] PluginManager:213 - loadIPPluginJar : add usart
2021-11-22 16:21:40,324 [INFO] IPUIPlugin:74 - create IPUIPlugin
2021-11-22 16:21:40,325 [INFO] PluginManager:213 - loadIPPluginJar : add usbx
2021-11-22 16:21:40,572 [FATAL] Updater:294 - Updater called before beeing initialized
2021-11-22 16:21:40,647 [FATAL] Updater:294 - Updater called before beeing initialized
2021-11-22 16:21:40,653 [INFO] DbMcusAds:47 - JSON generation date=Thu Sep 30 09:55:09 MSK 2021 (1632984909261)
2021-11-22 16:21:40,653 [FATAL] Updater:294 - Updater called before beeing initialized
2021-11-22 16:21:40,709 [WARN] DetailPanel:314 - Failed to get advertising image, set to default
2021-11-22 16:21:40,780 [FATAL] Updater:294 - Updater called before beeing initialized
2021-11-22 16:21:40,782 [FATAL] Updater:294 - Updater called before beeing initialized
2021-11-22 16:21:40,782 [FATAL] Updater:294 - Updater called before beeing initialized
2021-11-22 16:21:40,782 [WARN] DetailPanel:314 - Failed to get advertising image, set to default
2021-11-22 16:21:40,783 [FATAL] Updater:294 - Updater called before beeing initialized
2021-11-22 16:21:40,823 [ERROR] Updater:1075 - MainUpdater not yet initialized. External WinMGr cannot be set.
2021-11-22 16:21:40,830 [INFO] Updater:1012 - Updater Version found : 6.3.0
2021-11-22 16:21:40,845 [INFO] ApplicationProperties:181 - Using Application install path: C:\Program Files\STM32CubeIDE_1.7.0\STM32CubeIDE\plugins\com.st.stm32cube.common.mx_6.3.0.202107141111
2021-11-22 16:21:41,326 [INFO] MainUpdater:2671 - connection check result : 10
2021-11-22 16:21:41,328 [INFO] MainUpdater:265 - Updater Check For Update Now.
2021-11-22 16:21:41,329 [INFO] MicroXplorer:478 - Change Database Version : DB.6.0.30
2021-11-22 16:21:41,484 [INFO] CheckServerUpdateThread:112 - End of CheckServer Thread
2021-11-22 16:21:41,573 [INFO] MainUpdater:2671 - connection check result : 10
2021-11-22 16:21:41,592 [INFO] McuFinderGlobals:52 - Set McuFinderConnectedMode to true
2021-11-22 16:21:41,838 [WARN] MainUpdater:1122 - Updater busy. Cannot search thirdparties
2021-11-22 16:21:41,838 [INFO] ThirdPartyUpdaterWithRetryManager:92 - Updater plugin is busy. [1/15]
2021-11-22 16:21:41,852 [INFO] ServerAccessManage:362 - Download File mcusAds.json._tmp_
2021-11-22 16:21:41,968 [INFO] LoadUrlFilesThread:145 - End of LoadUrlFiles Thread
2021-11-22 16:21:42,412 [INFO] ServerAccessManage:362 - Download File mcusDocs.json._tmp_
2021-11-22 16:21:43,027 [INFO] LoadUrlFilesThread:145 - End of LoadUrlFiles Thread
2021-11-22 16:21:43,330 [INFO] ServerAccessManage:362 - Download File mcusFeaturesAndDescription.json._tmp_
2021-11-22 16:21:44,841 [WARN] MainUpdater:1122 - Updater busy. Cannot search thirdparties
2021-11-22 16:21:44,841 [INFO] ThirdPartyUpdaterWithRetryManager:92 - Updater plugin is busy. [2/15]
2021-11-22 16:21:47,853 [WARN] MainUpdater:1122 - Updater busy. Cannot search thirdparties
2021-11-22 16:21:47,853 [INFO] ThirdPartyUpdaterWithRetryManager:92 - Updater plugin is busy. [3/15]
2021-11-22 16:21:50,855 [WARN] MainUpdater:1122 - Updater busy. Cannot search thirdparties
2021-11-22 16:21:50,855 [INFO] ThirdPartyUpdaterWithRetryManager:92 - Updater plugin is busy. [4/15]
2021-11-22 16:21:53,193 [INFO] LoadUrlFilesThread:145 - End of LoadUrlFiles Thread
2021-11-22 16:21:53,453 [INFO] ServerAccessManage:362 - Download File boardsDocs.json._tmp_
2021-11-22 16:21:53,858 [WARN] MainUpdater:1122 - Updater busy. Cannot search thirdparties
2021-11-22 16:21:53,859 [INFO] ThirdPartyUpdaterWithRetryManager:92 - Updater plugin is busy. [5/15]
2021-11-22 16:21:54,256 [INFO] LoadUrlFilesThread:145 - End of LoadUrlFiles Thread
2021-11-22 16:21:54,514 [INFO] ServerAccessManage:362 - Download File boards.json._tmp_
2021-11-22 16:21:55,098 [INFO] LoadUrlFilesThread:145 - End of LoadUrlFiles Thread
2021-11-22 16:21:55,401 [INFO] ServerAccessManage:362 - Download File cube-finder-db.zip
2021-11-22 16:21:56,869 [WARN] MainUpdater:1122 - Updater busy. Cannot search thirdparties
2021-11-22 16:21:56,869 [INFO] ThirdPartyUpdaterWithRetryManager:92 - Updater plugin is busy. [6/15]
2021-11-22 16:21:59,873 [WARN] MainUpdater:1122 - Updater busy. Cannot search thirdparties
2021-11-22 16:21:59,873 [INFO] ThirdPartyUpdaterWithRetryManager:92 - Updater plugin is busy. [7/15]
2021-11-22 16:22:02,887 [WARN] MainUpdater:1122 - Updater busy. Cannot search thirdparties
2021-11-22 16:22:02,887 [INFO] ThirdPartyUpdaterWithRetryManager:92 - Updater plugin is busy. [8/15]
2021-11-22 16:22:05,900 [WARN] MainUpdater:1122 - Updater busy. Cannot search thirdparties
2021-11-22 16:22:05,900 [INFO] ThirdPartyUpdaterWithRetryManager:92 - Updater plugin is busy. [9/15]
2021-11-22 16:22:08,916 [WARN] MainUpdater:1122 - Updater busy. Cannot search thirdparties
2021-11-22 16:22:08,916 [INFO] ThirdPartyUpdaterWithRetryManager:92 - Updater plugin is busy. [10/15]
2021-11-22 16:22:11,932 [WARN] MainUpdater:1122 - Updater busy. Cannot search thirdparties
2021-11-22 16:22:11,932 [INFO] ThirdPartyUpdaterWithRetryManager:92 - Updater plugin is busy. [11/15]
2021-11-22 16:22:14,947 [WARN] MainUpdater:1122 - Updater busy. Cannot search thirdparties
2021-11-22 16:22:14,947 [INFO] ThirdPartyUpdaterWithRetryManager:92 - Updater plugin is busy. [12/15]
2021-11-22 16:22:17,959 [WARN] MainUpdater:1122 - Updater busy. Cannot search thirdparties
2021-11-22 16:22:17,959 [INFO] ThirdPartyUpdaterWithRetryManager:92 - Updater plugin is busy. [13/15]
2021-11-22 16:22:20,967 [WARN] MainUpdater:1122 - Updater busy. Cannot search thirdparties
2021-11-22 16:22:20,967 [INFO] ThirdPartyUpdaterWithRetryManager:92 - Updater plugin is busy. [14/15]
2021-11-22 16:22:23,968 [WARN] MainUpdater:1122 - Updater busy. Cannot search thirdparties
2021-11-22 16:22:23,968 [INFO] ThirdPartyUpdaterWithRetryManager:92 - Updater plugin is busy. [15/15]
2021-11-22 16:22:23,968 [ERROR] IntegrityCheckThread:124 - Cannot retrieve database content from updater: error -1
2021-11-22 16:22:23,968 [INFO] ThirdParty:915 - Integrity check success = false
2021-11-22 16:22:23,968 [INFO] IntegrityCheckThread:94 - exiting critical section [integrity check]
2021-11-22 16:22:23,968 [INFO] IntegrityCheckThread:97 - End integrity checks thread
2021-11-22 16:22:35,659 [ERROR] ServerAccessManage:531 - User Cancel Download : cube-finder-db.zip.
2021-11-22 16:22:35,766 [INFO] LoadUrlFilesThread:145 - End of LoadUrlFiles Thread
2021-11-22 16:22:36,741 [INFO] DbMcusAds:47 - JSON generation date=Thu Sep 30 09:55:09 MSK 2021 (1632984909265)
2021-11-22 16:22:36,751 [INFO] DbMcusDocs:143 - JSON generation date=Fri Oct 29 10:56:29 MSK 2021 (1635494189)
2021-11-22 16:22:36,751 [INFO] DbMcusXml:100 - Load MCU database from C:\Program Files\STM32CubeIDE_1.7.0\STM32CubeIDE\plugins\com.st.stm32cube.common.mx_6.3.0.202107141111\\db\/mcu/families.xml
2021-11-22 16:22:37,499 [INFO] DbMcusJson:93 - JSON generation date=Fri Oct 29 10:56:29 MSK 2021 (1635494189)
2021-11-22 16:22:38,068 [INFO] DbMcus:175 - Found 1951 MCUs (1903 are supported by CubeMX, 1905 are visible in CubeMX)
2021-11-22 16:22:38,069 [INFO] ApiDb:251 - Load user favorites file C:\Users\nms/.stm32cubeide/favorites.mcus.txt: 0 item(s)
2021-11-22 16:22:38,069 [INFO] ApiDb:255 - User favorites MCUs=[]
2021-11-22 16:22:38,069 [INFO] DbMcus:187 - Set 0 / 0 favorites MCUs
2021-11-22 16:22:38,560 [INFO] DbMcusDocs:79 - Found 682 MCUs documents
2021-11-22 16:22:38,562 [INFO] ApiDb:276 - Save user favorites file C:\Users\nms/.stm32cubeide/favorites.mcus.txt: 0 item(s)
2021-11-22 16:22:38,562 [INFO] ApiDb:280 - User favorites MCUs=[]
2021-11-22 16:22:38,562 [INFO] DbMcusXml:100 - Load MCU database from C:\Program Files\STM32CubeIDE_1.7.0\STM32CubeIDE\plugins\com.st.stm32cube.common.mx_6.3.0.202107141111\\db\/mcu/families.xml
2021-11-22 16:22:39,144 [INFO] DbMcusJson:93 - JSON generation date=Fri Oct 29 10:56:29 MSK 2021 (1635494189)
2021-11-22 16:22:39,569 [INFO] DbMcus:175 - Found 1951 MCUs (1903 are supported by CubeMX, 1905 are visible in CubeMX)
2021-11-22 16:22:39,569 [INFO] ApiDb:251 - Load user favorites file C:\Users\nms/.stm32cubeide/favorites.mcus.txt: 0 item(s)
2021-11-22 16:22:39,569 [INFO] ApiDb:255 - User favorites MCUs=[]
2021-11-22 16:22:39,569 [INFO] DbMcus:187 - Set 0 / 0 favorites MCUs
2021-11-22 16:22:39,574 [INFO] DbBoardsDocs:143 - JSON generation date=Fri Oct 29 10:56:29 MSK 2021 (1635494189)
2021-11-22 16:22:39,587 [INFO] DbBoardsPdsc:90 - Found 25 items
2021-11-22 16:22:39,594 [INFO] DbBoardsPdsc:90 - Found 9 items
2021-11-22 16:22:39,604 [INFO] DbBoardsPdsc:90 - Found 33 items
2021-11-22 16:22:39,610 [INFO] DbBoardsPdsc:90 - Found 1 items
2021-11-22 16:22:39,628 [INFO] DbBoardsPdsc:90 - Found 48 items
2021-11-22 16:22:39,640 [INFO] DbBoardsPdsc:90 - Found 43 items
2021-11-22 16:22:39,646 [INFO] DbBoardsPdsc:90 - Found 2 items
2021-11-22 16:22:39,652 [INFO] DbBoardsPdsc:90 - Found 5 items
2021-11-22 16:22:39,657 [WARN] DbBoardsPdsc:254 - Board STM32H7B3I-DK: unknown feature type=Audio, name=, username=Audio stereo codec with Headphone Amp (CS42L51-CNZ), n=1
2021-11-22 16:22:39,657 [WARN] DbBoardsPdsc:254 - Board STM32H735G-DK: unknown feature type=Audio, name=, username=Audio stereo codec with Headphone Amp (WM8994ECS/R), n=1
2021-11-22 16:22:39,658 [WARN] DbBoardsPdsc:254 - Board STM32H7B3I-EVAL: unknown feature type=Audio, name=, username=Multi-Channel Audio Codec (CS42L51-CNZ), n=1
2021-11-22 16:22:39,658 [WARN] DbBoardsPdsc:254 - Board STM32H7B3I-EVAL: unknown feature type=Meter, name=, username=Power-metering and Temperature-monitoring with sigma-delta modulators, n=1
2021-11-22 16:22:39,659 [WARN] DbBoardsPdsc:254 - Board STM32H7B3I-EVAL: unknown feature type=Motor, name=, username=Motor Control, n=1
2021-11-22 16:22:39,659 [WARN] DbBoardsPdsc:254 - Board STM32U575I-EV: unknown feature type=joystick, name=, username=4-direction joystick with selection button, n=1
2021-11-22 16:22:39,683 [INFO] DbBoardsJson:86 - JSON generation date=Fri Oct 29 10:56:29 MSK 2021 (1635494189)
2021-11-22 16:22:39,688 [INFO] DbBoards:117 - Found 167 boards (163 are supported by CubeMX)
2021-11-22 16:22:39,690 [INFO] DbBoardsDocs:143 - JSON generation date=Fri Oct 29 10:56:29 MSK 2021 (1635494189)
2021-11-22 16:22:39,693 [INFO] DbBoardsDocs:79 - Found 209 boards documents
2021-11-22 16:22:39,694 [WARN] DbBoards:127 - board B-L475E-IOT01A2 has no document id list !
2021-11-22 16:22:39,695 [WARN] DbBoards:127 - board NUCLEO-H743ZI has no document id list !
2021-11-22 16:22:39,696 [WARN] DbBoards:127 - board NUCLEO-WL55JC2 has no document id list !
2021-11-22 16:22:39,696 [WARN] DbBoards:127 - board P-NUCLEO-WB55-Nucleo has no document id list !
2021-11-22 16:22:39,696 [WARN] DbBoards:127 - board P-NUCLEO-WB55-USBDongle has no document id list !
2021-11-22 16:22:39,696 [WARN] DbBoards:127 - board STEVAL-BFA001V1B has no document id list !
2021-11-22 16:22:39,696 [WARN] DbBoards:127 - board STEVAL-BFA001V2B has no document id list !
2021-11-22 16:22:39,696 [WARN] DbBoards:127 - board STEVAL-IDP005V1 has no document id list !
2021-11-22 16:22:39,696 [WARN] DbBoards:127 - board STEVAL-IDP005V2 has no document id list !
2021-11-22 16:22:39,696 [WARN] DbBoards:127 - board STEVAL-MKSBOX1V1 has no document id list !
2021-11-22 16:22:39,696 [WARN] DbBoards:127 - board STEVAL-STWINKT1 has no document id list !
2021-11-22 16:22:39,696 [WARN] DbBoards:127 - board STEVAL-STWINKT1B has no document id list !
2021-11-22 16:22:39,696 [WARN] DbBoards:127 - board STM32439I-EVAL2 has no document id list !
2021-11-22 16:22:39,697 [WARN] DbBoards:127 - board STM32F401C-DISCO has no document id list !
2021-11-22 16:22:39,697 [WARN] DbBoards:127 - board STM32F769I-DISC1 has no document id list !
2021-11-22 16:22:39,697 [WARN] DbBoards:127 - board STM32G474E-EVAL1 has no document id list !
2021-11-22 16:22:39,697 [WARN] DbBoards:127 - board STM32H743I-EVAL2 has no document id list !
2021-11-22 16:22:39,698 [WARN] DbBoards:127 - board STM32H747I-DISC1 has no document id list !
2021-11-22 16:22:39,698 [WARN] DbBoards:127 - board STM32H753I-EVAL2 has no document id list !
2021-11-22 16:22:39,698 [WARN] DbBoards:127 - board STM32L-DISCOVERY has no document id list !
2021-11-22 16:22:39,811 [ERROR] DbBoards:189 - Image file not found for board B-U585I-IOT02A: C:\Program Files\STM32CubeIDE_1.7.0\STM32CubeIDE\plugins\com.st.stm32cube.common.mx_6.3.0.202107141111\\db\/plugins/mcufinder/images/boards/B-U585I-IOT02A_small.jpg
2021-11-22 16:22:41,072 [INFO] ApiDb:251 - Load user favorites file C:\Users\nms/.stm32cubeide/favorites.boards.txt: 0 item(s)
2021-11-22 16:22:41,072 [INFO] ApiDb:255 - User favorites Boards=[]
2021-11-22 16:22:41,072 [INFO] DbBoards:206 - Set 0 / 0 favorites Boards
2021-11-22 16:22:41,074 [INFO] DbBoardsDocs:79 - Found 418 boards documents
2021-11-22 16:22:41,075 [INFO] ApiDb:276 - Save user favorites file C:\Users\nms/.stm32cubeide/favorites.boards.txt: 0 item(s)
2021-11-22 16:22:41,075 [INFO] ApiDb:280 - User favorites Boards=[]
2021-11-22 16:22:41,077 [INFO] DbBoardsPdsc:90 - Found 25 items
2021-11-22 16:22:41,078 [INFO] DbBoardsPdsc:90 - Found 9 items
2021-11-22 16:22:41,080 [INFO] DbBoardsPdsc:90 - Found 33 items
2021-11-22 16:22:41,081 [INFO] DbBoardsPdsc:90 - Found 1 items
2021-11-22 16:22:41,085 [INFO] DbBoardsPdsc:90 - Found 48 items
2021-11-22 16:22:41,090 [INFO] DbBoardsPdsc:90 - Found 43 items
2021-11-22 16:22:41,090 [INFO] DbBoardsPdsc:90 - Found 2 items
2021-11-22 16:22:41,091 [INFO] DbBoardsPdsc:90 - Found 5 items
2021-11-22 16:22:41,093 [WARN] DbBoardsPdsc:254 - Board STM32H7B3I-DK: unknown feature type=Audio, name=, username=Audio stereo codec with Headphone Amp (CS42L51-CNZ), n=1
2021-11-22 16:22:41,093 [WARN] DbBoardsPdsc:254 - Board STM32H735G-DK: unknown feature type=Audio, name=, username=Audio stereo codec with Headphone Amp (WM8994ECS/R), n=1
2021-11-22 16:22:41,094 [WARN] DbBoardsPdsc:254 - Board STM32H7B3I-EVAL: unknown feature type=Audio, name=, username=Multi-Channel Audio Codec (CS42L51-CNZ), n=1
2021-11-22 16:22:41,094 [WARN] DbBoardsPdsc:254 - Board STM32H7B3I-EVAL: unknown feature type=Meter, name=, username=Power-metering and Temperature-monitoring with sigma-delta modulators, n=1
2021-11-22 16:22:41,094 [WARN] DbBoardsPdsc:254 - Board STM32H7B3I-EVAL: unknown feature type=Motor, name=, username=Motor Control, n=1
2021-11-22 16:22:41,095 [WARN] DbBoardsPdsc:254 - Board STM32U575I-EV: unknown feature type=joystick, name=, username=4-direction joystick with selection button, n=1
2021-11-22 16:22:41,108 [INFO] DbBoardsJson:86 - JSON generation date=Fri Oct 29 10:56:29 MSK 2021 (1635494189)
2021-11-22 16:22:41,112 [INFO] DbBoards:117 - Found 167 boards (163 are supported by CubeMX)
2021-11-22 16:22:41,112 [WARN] DbBoards:127 - board B-L475E-IOT01A2 has no document id list !
2021-11-22 16:22:41,113 [WARN] DbBoards:127 - board NUCLEO-H743ZI has no document id list !
2021-11-22 16:22:41,113 [WARN] DbBoards:127 - board NUCLEO-WL55JC2 has no document id list !
2021-11-22 16:22:41,113 [WARN] DbBoards:127 - board P-NUCLEO-WB55-Nucleo has no document id list !
2021-11-22 16:22:41,113 [WARN] DbBoards:127 - board P-NUCLEO-WB55-USBDongle has no document id list !
2021-11-22 16:22:41,113 [WARN] DbBoards:127 - board STEVAL-BFA001V1B has no document id list !
2021-11-22 16:22:41,113 [WARN] DbBoards:127 - board STEVAL-BFA001V2B has no document id list !
2021-11-22 16:22:41,113 [WARN] DbBoards:127 - board STEVAL-IDP005V1 has no document id list !
2021-11-22 16:22:41,113 [WARN] DbBoards:127 - board STEVAL-IDP005V2 has no document id list !
2021-11-22 16:22:41,113 [WARN] DbBoards:127 - board STEVAL-MKSBOX1V1 has no document id list !
2021-11-22 16:22:41,113 [WARN] DbBoards:127 - board STEVAL-STWINKT1 has no document id list !
2021-11-22 16:22:41,113 [WARN] DbBoards:127 - board STEVAL-STWINKT1B has no document id list !
2021-11-22 16:22:41,114 [WARN] DbBoards:127 - board STM32439I-EVAL2 has no document id list !
2021-11-22 16:22:41,114 [WARN] DbBoards:127 - board STM32F401C-DISCO has no document id list !
2021-11-22 16:22:41,114 [WARN] DbBoards:127 - board STM32F769I-DISC1 has no document id list !
2021-11-22 16:22:41,114 [WARN] DbBoards:127 - board STM32G474E-EVAL1 has no document id list !
2021-11-22 16:22:41,114 [WARN] DbBoards:127 - board STM32H743I-EVAL2 has no document id list !
2021-11-22 16:22:41,114 [WARN] DbBoards:127 - board STM32H747I-DISC1 has no document id list !
2021-11-22 16:22:41,114 [WARN] DbBoards:127 - board STM32H753I-EVAL2 has no document id list !
2021-11-22 16:22:41,114 [WARN] DbBoards:127 - board STM32L-DISCOVERY has no document id list !
2021-11-22 16:22:41,180 [ERROR] DbBoards:189 - Image file not found for board B-U585I-IOT02A: C:\Program Files\STM32CubeIDE_1.7.0\STM32CubeIDE\plugins\com.st.stm32cube.common.mx_6.3.0.202107141111\\db\/plugins/mcufinder/images/boards/B-U585I-IOT02A_small.jpg
2021-11-22 16:22:42,052 [INFO] ApiDb:251 - Load user favorites file C:\Users\nms/.stm32cubeide/favorites.boards.txt: 0 item(s)
2021-11-22 16:22:42,052 [INFO] ApiDb:255 - User favorites Boards=[]
2021-11-22 16:22:42,052 [INFO] DbBoards:206 - Set 0 / 0 favorites Boards
2021-11-22 16:22:42,060 [ERROR] TargetSelectorAdapter:232 - Unable to refresh data
2021-11-22 16:22:42,266 [INFO] McuFinderGlobals:52 - Set McuFinderConnectedMode to false
2021-11-22 16:22:42,333 [INFO] CrossSelectorPresenter:1330 - Cross Selector saved comparison directory: C:\Users\nms\.stmcufinder\plugins\mcufinder\mcu\cs_comparisons_mx
2021-11-22 16:22:42,338 [INFO] MultiScanPanel:197 - Auto-refresh data requested => check proxy status ongoing
2021-11-22 16:22:42,338 [INFO] MultiScanPanel:201 - Proxy status is invalid
2021-11-22 16:22:42,339 [INFO] FinderPluginLoader:87 - Searching for filters in installed packs
2021-11-22 16:22:42,700 [INFO] DetailPanel:309 - Set advertising image to C:/Users/nms/STM32Cube/Repository/\en.Prom_NBSTM32U50921.jpg
2021-11-22 16:24:49,523 [ERROR] LogOutputStream:74 - [STDERR_REDIRECT] Exception in thread "AWT-EventQueue-0" org.eclipse.swt.SWTException: Device is disposed
2021-11-22 16:24:49,524 [ERROR] LogOutputStream:74 - [STDERR_REDIRECT] 	at org.eclipse.swt.SWT.error(SWT.java:4889)
2021-11-22 16:24:49,525 [ERROR] LogOutputStream:74 - [STDERR_REDIRECT] 	at org.eclipse.swt.SWT.error(SWT.java:4804)
2021-11-22 16:24:49,526 [ERROR] LogOutputStream:74 - [STDERR_REDIRECT] 	at org.eclipse.swt.SWT.error(SWT.java:4775)
2021-11-22 16:24:49,527 [ERROR] LogOutputStream:74 - [STDERR_REDIRECT] 	at org.eclipse.swt.widgets.Display.error(Display.java:1262)
2021-11-22 16:24:49,528 [ERROR] LogOutputStream:74 - [STDERR_REDIRECT] 	at org.eclipse.swt.widgets.Display.asyncExec(Display.java:779)
2021-11-22 16:24:49,529 [ERROR] LogOutputStream:74 - [STDERR_REDIRECT] 	at com.st.stm32cube.common.mx.oss.core.awtswtbridge.AwtEnvironment$2.run(AwtEnvironment.java:168)
2021-11-22 16:24:49,531 [ERROR] LogOutputStream:74 - [STDERR_REDIRECT] 	at java.desktop/java.awt.event.InvocationEvent.dispatch(InvocationEvent.java:313)
2021-11-22 16:24:49,532 [ERROR] LogOutputStream:74 - [STDERR_REDIRECT] 	at java.desktop/java.awt.EventQueue.dispatchEventImpl(EventQueue.java:770)
2021-11-22 16:24:49,533 [ERROR] LogOutputStream:74 - [STDERR_REDIRECT] 	at java.desktop/java.awt.EventQueue$4.run(EventQueue.java:721)
2021-11-22 16:24:49,535 [ERROR] LogOutputStream:74 - [STDERR_REDIRECT] 	at java.desktop/java.awt.EventQueue$4.run(EventQueue.java:715)
2021-11-22 16:24:49,536 [ERROR] LogOutputStream:74 - [STDERR_REDIRECT] 	at java.base/java.security.AccessController.doPrivileged(Native Method)
2021-11-22 16:24:49,539 [ERROR] LogOutputStream:74 - [STDERR_REDIRECT] 	at java.base/java.security.ProtectionDomain$JavaSecurityAccessImpl.doIntersectionPrivilege(ProtectionDomain.java:85)
2021-11-22 16:24:49,540 [ERROR] LogOutputStream:74 - [STDERR_REDIRECT] 	at java.desktop/java.awt.EventQueue.dispatchEvent(EventQueue.java:740)
2021-11-22 16:24:49,541 [ERROR] LogOutputStream:74 - [STDERR_REDIRECT] 	at java.desktop/java.awt.EventDispatchThread.pumpOneEventForFilters(EventDispatchThread.java:203)
2021-11-22 16:24:49,543 [ERROR] LogOutputStream:74 - [STDERR_REDIRECT] 	at java.desktop/java.awt.EventDispatchThread.pumpEventsForFilter(EventDispatchThread.java:124)
2021-11-22 16:24:49,545 [ERROR] LogOutputStream:74 - [STDERR_REDIRECT] 	at java.desktop/java.awt.EventDispatchThread.pumpEventsForHierarchy(EventDispatchThread.java:113)
2021-11-22 16:24:49,546 [ERROR] LogOutputStream:74 - [STDERR_REDIRECT] 	at java.desktop/java.awt.EventDispatchThread.pumpEvents(EventDispatchThread.java:109)
2021-11-22 16:24:49,547 [ERROR] LogOutputStream:74 - [STDERR_REDIRECT] 	at java.desktop/java.awt.EventDispatchThread.pumpEvents(EventDispatchThread.java:101)
2021-11-22 16:24:49,549 [ERROR] LogOutputStream:74 - [STDERR_REDIRECT] 	at java.desktop/java.awt.EventDispatchThread.run(EventDispatchThread.java:90)
